
> dreamos-platform@0.1.0 verify:health
> node scripts/verify-production-health.mjs


=== DreamOS86 env alignment ===

URL: https://wciioegiczwqlmlroley.supabase.co
URL ref: wciioegiczwqlmlroley
Anon ref: wciioegiczwqlmlroley
Service ref: wciioegiczwqlmlroley

ENV: OK
  ✓ Canonical project ref wciioegiczwqlmlroley

=== Supabase PostgREST probes (service role) ===

node:internal/deps/undici/undici:14902
      Error.captureStackTrace(err);
            ^

TypeError: fetch failed
    at node:internal/deps/undici/undici:14902:13
    at process.processTicksAndRejections (node:internal/process/task_queues:105:5)
    at async rest (file:///C:/Users/XenoD/Desktop/DreamOS86/dreamos-platform/scripts/verify-production-health.mjs:70:15)
    at async file:///C:/Users/XenoD/Desktop/DreamOS86/dreamos-platform/scripts/verify-production-health.mjs:113:30 {
  [cause]: Error: unable to verify the first certificate
      at TLSSocket.onConnectSecure (node:_tls_wrap:1697:34)
      at TLSSocket.emit (node:events:519:28)
      at TLSSocket._finishInit (node:_tls_wrap:1095:8)
      at ssl.onhandshakedone (node:_tls_wrap:881:12) {
    code: 'UNABLE_TO_VERIFY_LEAF_SIGNATURE'
  }
}

Node.js v22.22.0
